<?xml version="1.0" encoding="UTF-8"?>
<testng-results skipped="0" failed="0" total="0" passed="0">
  <reporter-output>
  </reporter-output>
  <suite name="Jotform.Jotform.AppTest" duration-ms="2" started-at="2021-02-11T16:56:36Z" finished-at="2021-02-11T16:56:36Z">
    <groups>
    </groups>
    <test name="Command line test" duration-ms="2" started-at="2021-02-11T16:56:36Z" finished-at="2021-02-11T16:56:36Z">
    </test> <!-- Command line test -->
  </suite> <!-- Jotform.Jotform.AppTest -->
</testng-results>
